<?xml version="1.0" encoding="UTF-8"?>
<testng-results ignored="0" total="2" passed="2" failed="0" skipped="0">
  <reporter-output>
  </reporter-output>
  <suite started-at="2018-05-13T18:53:55Z" name="Default suite" finished-at="2018-05-13T18:53:55Z" duration-ms="107">
    <groups>
    </groups>
    <test started-at="2018-05-13T18:53:55Z" name="Default test" finished-at="2018-05-13T18:53:55Z" duration-ms="107">
      <class name="qaclickacademy.RestAPITest">
        <test-method signature="PostJira()[pri:0, instance:qaclickacademy.RestAPITest@587e5365]" started-at="2018-05-13T18:53:55Z" name="PostJira" finished-at="2018-05-13T18:53:55Z" duration-ms="60" status="PASS">
          <reporter-output>
          </reporter-output>
        </test-method> <!-- PostJira -->
        <test-method signature="deleteTwitter()[pri:0, instance:qaclickacademy.RestAPITest@587e5365]" started-at="2018-05-13T18:53:55Z" name="deleteTwitter" finished-at="2018-05-13T18:53:55Z" duration-ms="2" status="PASS">
          <reporter-output>
          </reporter-output>
        </test-method> <!-- deleteTwitter -->
        <test-method is-config="true" signature="Mamu()[pri:0, instance:qaclickacademy.RestAPITest@587e5365]" started-at="2018-05-13T18:53:55Z" name="Mamu" finished-at="2018-05-13T18:53:55Z" duration-ms="1" status="PASS">
          <reporter-output>
          </reporter-output>
        </test-method> <!-- Mamu -->
      </class> <!-- qaclickacademy.RestAPITest -->
    </test> <!-- Default test -->
  </suite> <!-- Default suite -->
</testng-results>
