<?xml version="1.0" encoding="UTF-8"?>
<testng-results ignored="0" total="1" passed="1" failed="0" skipped="0">
  <reporter-output>
  </reporter-output>
  <suite started-at="2018-05-14T03:39:49Z" name="Default suite" finished-at="2018-05-14T03:40:03Z" duration-ms="13976">
    <groups>
    </groups>
    <test started-at="2018-05-14T03:39:49Z" name="Default test" finished-at="2018-05-14T03:40:03Z" duration-ms="13976">
      <class name="qaclickacademy.face_book">
        <test-method signature="face_book_login()[pri:0, instance:qaclickacademy.face_book@2e377400]" started-at="2018-05-14T03:39:49Z" name="face_book_login" finished-at="2018-05-14T03:40:03Z" duration-ms="13941" status="PASS">
          <reporter-output>
          </reporter-output>
        </test-method> <!-- face_book_login -->
      </class> <!-- qaclickacademy.face_book -->
    </test> <!-- Default test -->
  </suite> <!-- Default suite -->
</testng-results>
