<?xml version="1.0" encoding="UTF-8"?>
<!-- Generated by org.testng.reporters.JUnitXMLReporter -->
<testsuite ignored="0" hostname="MacBook-Pro.local" failures="0" tests="6" name="Test" time="12.604" errors="0" timestamp="14 May 2018 03:30:41 GMT">
  <testcase classname="qaclickacademy.SeleniumTest" name="BrowserAutomation" time="0.007"/>
  <testcase classname="qaclickacademy.SeleniumTest" name="elementsUi" time="0.002"/>
  <testcase classname="qaclickacademy.RestAPITest" name="PostJira" time="0.002"/>
  <testcase classname="qaclickacademy.RestAPITest" name="deleteTwitter" time="0.002"/>
  <testcase classname="qaclickacademy.AppiumTest" name="IOSApps" time="0.002"/>
  <testcase classname="qaclickacademy.AppiumTest" name="NativeAppAndriod" time="0.001"/>
</testsuite> <!-- Test -->
